# JRE version: Java(TM) SE Runtime Environment (8.0_51-b16) (build 1.8.0_51-b16)
# Java VM: Java HotSpot(TM) 64-Bit Server VM (25.51-b03 mixed mode windows-amd64 compressed oops)
Heap:
 PSYoungGen      total 129536K, used 108465K [0x00000000ead80000, 0x00000000f4e00000, 0x0000000100000000)
  eden space 122880K, 83% used [0x00000000ead80000,0x00000000f11302c0,0x00000000f2580000)
  from space 6656K, 95% used [0x00000000f4780000,0x00000000f4dbc4a8,0x00000000f4e00000)
  to   space 12800K, 0% used [0x00000000f3500000,0x00000000f3500000,0x00000000f4180000)
 ParOldGen       total 66560K, used 29854K [0x00000000c0800000, 0x00000000c4900000, 0x00000000ead80000)
  object space 66560K, 44% used [0x00000000c0800000,0x00000000c2527aa0,0x00000000c4900000)
 Metaspace       used 54853K, capacity 56190K, committed 56448K, reserved 1099776K
  class space    used 6567K, capacity 6896K, committed 7040K, reserved 1048576K
GC Heap History (10 events):
Event: 11684.289 GC heap before
{Heap before GC invocations=43 (full 6):
 PSYoungGen      total 117248K, used 116224K [0x00000000ead80000, 0x00000000f5d00000, 0x0000000100000000)
  eden space 116224K, 100% used [0x00000000ead80000,0x00000000f1f00000,0x00000000f1f00000)
  from space 1024K, 0% used [0x00000000f5c00000,0x00000000f5c00000,0x00000000f5d00000)
  to   space 12288K, 0% used [0x00000000f4500000,0x00000000f4500000,0x00000000f5100000)
 ParOldGen       total 66560K, used 24975K [0x00000000c0800000, 0x00000000c4900000, 0x00000000ead80000)
  object space 66560K, 37% used [0x00000000c0800000,0x00000000c2063f18,0x00000000c4900000)
 Metaspace       used 53288K, capacity 54064K, committed 54656K, reserved 1097728K
  class space    used 6441K, capacity 6606K, committed 6784K, reserved 1048576K
Event: 11684.306 GC heap after
Heap after GC invocations=43 (full 6):
 PSYoungGen      total 124928K, used 6441K [0x00000000ead80000, 0x00000000f5c80000, 0x0000000100000000)
  eden space 118272K, 0% used [0x00000000ead80000,0x00000000ead80000,0x00000000f2100000)
  from space 6656K, 96% used [0x00000000f4500000,0x00000000f4b4a620,0x00000000f4b80000)
  to   space 12288K, 0% used [0x00000000f5080000,0x00000000f5080000,0x00000000f5c80000)
 ParOldGen       total 66560K, used 24975K [0x00000000c0800000, 0x00000000c4900000, 0x00000000ead80000)
  object space 66560K, 37% used [0x00000000c0800000,0x00000000c2063f18,0x00000000c4900000)
 Metaspace       used 53288K, capacity 54064K, committed 54656K, reserved 1097728K
  class space    used 6441K, capacity 6606K, committed 6784K, reserved 1048576K
}
Event: 11725.106 GC heap before
{Heap before GC invocations=44 (full 6):
 PSYoungGen      total 124928K, used 124713K [0x00000000ead80000, 0x00000000f5c80000, 0x0000000100000000)
  eden space 118272K, 100% used [0x00000000ead80000,0x00000000f2100000,0x00000000f2100000)
  from space 6656K, 96% used [0x00000000f4500000,0x00000000f4b4a620,0x00000000f4b80000)
  to   space 12288K, 0% used [0x00000000f5080000,0x00000000f5080000,0x00000000f5c80000)
 ParOldGen       total 66560K, used 24975K [0x00000000c0800000, 0x00000000c4900000, 0x00000000ead80000)
  object space 66560K, 37% used [0x00000000c0800000,0x00000000c2063f18,0x00000000c4900000)
 Metaspace       used 53916K, capacity 54834K, committed 55424K, reserved 1097728K
  class space    used 6485K, capacity 6665K, committed 6784K, reserved 1048576K
Event: 11725.143 GC heap after
Heap after GC invocations=44 (full 6):
 PSYoungGen      total 130048K, used 9691K [0x00000000ead80000, 0x00000000f5a00000, 0x0000000100000000)
  eden space 120320K, 0% used [0x00000000ead80000,0x00000000ead80000,0x00000000f2300000)
  from space 9728K, 99% used [0x00000000f5080000,0x00000000f59f6da8,0x00000000f5a00000)
  to   space 13312K, 0% used [0x00000000f4000000,0x00000000f4000000,0x00000000f4d00000)
 ParOldGen       total 66560K, used 24983K [0x00000000c0800000, 0x00000000c4900000, 0x00000000ead80000)
  object space 66560K, 37% used [0x00000000c0800000,0x00000000c2065f18,0x00000000c4900000)
 Metaspace       used 53916K, capacity 54834K, committed 55424K, reserved 1097728K
  class space    used 6485K, capacity 6665K, committed 6784K, reserved 1048576K
}
Event: 11734.218 GC heap before
{Heap before GC invocations=45 (full 6):
 PSYoungGen      total 130048K, used 17352K [0x00000000ead80000, 0x00000000f5a00000, 0x0000000100000000)
  eden space 120320K, 6% used [0x00000000ead80000,0x00000000eb4fb5c8,0x00000000f2300000)
  from space 9728K, 99% used [0x00000000f5080000,0x00000000f59f6da8,0x00000000f5a00000)
  to   space 13312K, 0% used [0x00000000f4000000,0x00000000f4000000,0x00000000f4d00000)
 ParOldGen       total 66560K, used 24983K [0x00000000c0800000, 0x00000000c4900000, 0x00000000ead80000)
  object space 66560K, 37% used [0x00000000c0800000,0x00000000c2065f18,0x00000000c4900000)
 Metaspace       used 53922K, capacity 54840K, committed 55424K, reserved 1097728K
  class space    used 6486K, capacity 6667K, committed 6784K, reserved 1048576K
Event: 11734.265 GC heap after
Heap after GC invocations=45 (full 6):
 PSYoungGen      total 128000K, used 7232K [0x00000000ead80000, 0x00000000f5100000, 0x0000000100000000)
  eden space 120320K, 0% used [0x00000000ead80000,0x00000000ead80000,0x00000000f2300000)
  from space 7680K, 94% used [0x00000000f4000000,0x00000000f4710010,0x00000000f4780000)
  to   space 9728K, 0% used [0x00000000f4780000,0x00000000f4780000,0x00000000f5100000)
 ParOldGen       total 66560K, used 24991K [0x00000000c0800000, 0x00000000c4900000, 0x00000000ead80000)
  object space 66560K, 37% used [0x00000000c0800000,0x00000000c2067f18,0x00000000c4900000)
 Metaspace       used 53922K, capacity 54840K, committed 55424K, reserved 1097728K
  class space    used 6486K, capacity 6667K, committed 6784K, reserved 1048576K
}
Event: 11734.265 GC heap before
{Heap before GC invocations=46 (full 7):
 PSYoungGen      total 128000K, used 7232K [0x00000000ead80000, 0x00000000f5100000, 0x0000000100000000)
  eden space 120320K, 0% used [0x00000000ead80000,0x00000000ead80000,0x00000000f2300000)
  from space 7680K, 94% used [0x00000000f4000000,0x00000000f4710010,0x00000000f4780000)
  to   space 9728K, 0% used [0x00000000f4780000,0x00000000f4780000,0x00000000f5100000)
 ParOldGen       total 66560K, used 24991K [0x00000000c0800000, 0x00000000c4900000, 0x00000000ead80000)
  object space 66560K, 37% used [0x00000000c0800000,0x00000000c2067f18,0x00000000c4900000)
 Metaspace       used 53922K, capacity 54840K, committed 55424K, reserved 1097728K
  class space    used 6486K, capacity 6667K, committed 6784K, reserved 1048576K
Event: 11734.830 GC heap after
Heap after GC invocations=46 (full 7):
 PSYoungGen      total 128000K, used 0K [0x00000000ead80000, 0x00000000f5100000, 0x0000000100000000)
  eden space 120320K, 0% used [0x00000000ead80000,0x00000000ead80000,0x00000000f2300000)
  from space 7680K, 0% used [0x00000000f4000000,0x00000000f4000000,0x00000000f4780000)
  to   space 9728K, 0% used [0x00000000f4780000,0x00000000f4780000,0x00000000f5100000)
 ParOldGen       total 66560K, used 29846K [0x00000000c0800000, 0x00000000c4900000, 0x00000000ead80000)
  object space 66560K, 44% used [0x00000000c0800000,0x00000000c2525aa0,0x00000000c4900000)
 Metaspace       used 53911K, capacity 54822K, committed 55424K, reserved 1097728K
  class space    used 6484K, capacity 6664K, committed 6784K, reserved 1048576K
}
Event: 11737.142 GC heap before
{Heap before GC invocations=47 (full 7):
 PSYoungGen      total 128000K, used 120320K [0x00000000ead80000, 0x00000000f5100000, 0x0000000100000000)
  eden space 120320K, 100% used [0x00000000ead80000,0x00000000f2300000,0x00000000f2300000)
  from space 7680K, 0% used [0x00000000f4000000,0x00000000f4000000,0x00000000f4780000)
  to   space 9728K, 0% used [0x00000000f4780000,0x00000000f4780000,0x00000000f5100000)
 ParOldGen       total 66560K, used 29846K [0x00000000c0800000, 0x00000000c4900000, 0x00000000ead80000)
  object space 66560K, 44% used [0x00000000c0800000,0x00000000c2525aa0,0x00000000c4900000)
 Metaspace       used 53990K, capacity 54982K, committed 55424K, reserved 1097728K
  class space    used 6499K, capacity 6684K, committed 6784K, reserved 1048576K
Event: 11737.155 GC heap after
Heap after GC invocations=47 (full 7):
 PSYoungGen      total 129536K, used 6385K [0x00000000ead80000, 0x00000000f4e00000, 0x0000000100000000)
  eden space 122880K, 0% used [0x00000000ead80000,0x00000000ead80000,0x00000000f2580000)
  from space 6656K, 95% used [0x00000000f4780000,0x00000000f4dbc4a8,0x00000000f4e00000)
  to   space 12800K, 0% used [0x00000000f3500000,0x00000000f3500000,0x00000000f4180000)
 ParOldGen       total 66560K, used 29854K [0x00000000c0800000, 0x00000000c4900000, 0x00000000ead80000)
  object space 66560K, 44% used [0x00000000c0800000,0x00000000c2527aa0,0x00000000c4900000)
 Metaspace       used 53990K, capacity 54982K, committed 55424K, reserved 1097728K
  class space    used 6499K, capacity 6684K, committed 6784K, reserved 1048576K
}

