# JRE version: Java(TM) SE Runtime Environment (8.0_51-b16) (build 1.8.0_51-b16)
# Java VM: Java HotSpot(TM) 64-Bit Server VM (25.51-b03 mixed mode windows-amd64 compressed oops)
Heap:
 PSYoungGen      total 183808K, used 48858K [0x00000000ead80000, 0x00000000f7b00000, 0x0000000100000000)
  eden space 180736K, 25% used [0x00000000ead80000,0x00000000edaaa970,0x00000000f5e00000)
  from space 3072K, 84% used [0x00000000f7800000,0x00000000f7a8c0e0,0x00000000f7b00000)
  to   space 14848K, 0% used [0x00000000f5e00000,0x00000000f5e00000,0x00000000f6c80000)
 ParOldGen       total 63488K, used 36655K [0x00000000c0800000, 0x00000000c4600000, 0x00000000ead80000)
  object space 63488K, 57% used [0x00000000c0800000,0x00000000c2bcbc40,0x00000000c4600000)
 Metaspace       used 49714K, capacity 50378K, committed 50560K, reserved 1093632K
  class space    used 6288K, capacity 6422K, committed 6528K, reserved 1048576K
GC Heap History (10 events):
Event: 444.410 GC heap before
{Heap before GC invocations=14 (full 2):
 PSYoungGen      total 192512K, used 192499K [0x00000000ead80000, 0x00000000fa300000, 0x0000000100000000)
  eden space 180224K, 100% used [0x00000000ead80000,0x00000000f5d80000,0x00000000f5d80000)
  from space 12288K, 99% used [0x00000000f5d80000,0x00000000f697cce8,0x00000000f6980000)
  to   space 15360K, 0% used [0x00000000f9400000,0x00000000f9400000,0x00000000fa300000)
 ParOldGen       total 63488K, used 27690K [0x00000000c0800000, 0x00000000c4600000, 0x00000000ead80000)
  object space 63488K, 43% used [0x00000000c0800000,0x00000000c230ab38,0x00000000c4600000)
 Metaspace       used 49585K, capacity 50156K, committed 50304K, reserved 1093632K
  class space    used 6284K, capacity 6417K, committed 6528K, reserved 1048576K
Event: 444.446 GC heap after
Heap after GC invocations=14 (full 2):
 PSYoungGen      total 221696K, used 5968K [0x00000000ead80000, 0x00000000f9b80000, 0x0000000100000000)
  eden space 214016K, 0% used [0x00000000ead80000,0x00000000ead80000,0x00000000f7e80000)
  from space 7680K, 77% used [0x00000000f9400000,0x00000000f99d42b8,0x00000000f9b80000)
  to   space 14848K, 0% used [0x00000000f7e80000,0x00000000f7e80000,0x00000000f8d00000)
 ParOldGen       total 63488K, used 36623K [0x00000000c0800000, 0x00000000c4600000, 0x00000000ead80000)
  object space 63488K, 57% used [0x00000000c0800000,0x00000000c2bc3c40,0x00000000c4600000)
 Metaspace       used 49585K, capacity 50156K, committed 50304K, reserved 1093632K
  class space    used 6284K, capacity 6417K, committed 6528K, reserved 1048576K
}
Event: 1158.125 GC heap before
{Heap before GC invocations=15 (full 2):
 PSYoungGen      total 221696K, used 219984K [0x00000000ead80000, 0x00000000f9b80000, 0x0000000100000000)
  eden space 214016K, 100% used [0x00000000ead80000,0x00000000f7e80000,0x00000000f7e80000)
  from space 7680K, 77% used [0x00000000f9400000,0x00000000f99d42b8,0x00000000f9b80000)
  to   space 14848K, 0% used [0x00000000f7e80000,0x00000000f7e80000,0x00000000f8d00000)
 ParOldGen       total 63488K, used 36623K [0x00000000c0800000, 0x00000000c4600000, 0x00000000ead80000)
  object space 63488K, 57% used [0x00000000c0800000,0x00000000c2bc3c40,0x00000000c4600000)
 Metaspace       used 49605K, capacity 50226K, committed 50560K, reserved 1093632K
  class space    used 6285K, capacity 6418K, committed 6528K, reserved 1048576K
Event: 1158.144 GC heap after
Heap after GC invocations=15 (full 2):
 PSYoungGen      total 208384K, used 2768K [0x00000000ead80000, 0x00000000f9480000, 0x0000000100000000)
  eden space 205312K, 0% used [0x00000000ead80000,0x00000000ead80000,0x00000000f7600000)
  from space 3072K, 90% used [0x00000000f7e80000,0x00000000f81340e0,0x00000000f8180000)
  to   space 14848K, 0% used [0x00000000f8600000,0x00000000f8600000,0x00000000f9480000)
 ParOldGen       total 63488K, used 36631K [0x00000000c0800000, 0x00000000c4600000, 0x00000000ead80000)
  object space 63488K, 57% used [0x00000000c0800000,0x00000000c2bc5c40,0x00000000c4600000)
 Metaspace       used 49605K, capacity 50226K, committed 50560K, reserved 1093632K
  class space    used 6285K, capacity 6418K, committed 6528K, reserved 1048576K
}
Event: 1850.558 GC heap before
{Heap before GC invocations=16 (full 2):
 PSYoungGen      total 208384K, used 208080K [0x00000000ead80000, 0x00000000f9480000, 0x0000000100000000)
  eden space 205312K, 100% used [0x00000000ead80000,0x00000000f7600000,0x00000000f7600000)
  from space 3072K, 90% used [0x00000000f7e80000,0x00000000f81340e0,0x00000000f8180000)
  to   space 14848K, 0% used [0x00000000f8600000,0x00000000f8600000,0x00000000f9480000)
 ParOldGen       total 63488K, used 36631K [0x00000000c0800000, 0x00000000c4600000, 0x00000000ead80000)
  object space 63488K, 57% used [0x00000000c0800000,0x00000000c2bc5c40,0x00000000c4600000)
 Metaspace       used 49614K, capacity 50226K, committed 50560K, reserved 1093632K
  class space    used 6285K, capacity 6418K, committed 6528K, reserved 1048576K
Event: 1850.571 GC heap after
Heap after GC invocations=16 (full 2):
 PSYoungGen      total 201216K, used 2528K [0x00000000ead80000, 0x00000000f8a80000, 0x0000000100000000)
  eden space 196608K, 0% used [0x00000000ead80000,0x00000000ead80000,0x00000000f6d80000)
  from space 4608K, 54% used [0x00000000f8600000,0x00000000f88780f0,0x00000000f8a80000)
  to   space 14848K, 0% used [0x00000000f6d80000,0x00000000f6d80000,0x00000000f7c00000)
 ParOldGen       total 63488K, used 36639K [0x00000000c0800000, 0x00000000c4600000, 0x00000000ead80000)
  object space 63488K, 57% used [0x00000000c0800000,0x00000000c2bc7c40,0x00000000c4600000)
 Metaspace       used 49614K, capacity 50226K, committed 50560K, reserved 1093632K
  class space    used 6285K, capacity 6418K, committed 6528K, reserved 1048576K
}
Event: 2516.496 GC heap before
{Heap before GC invocations=17 (full 2):
 PSYoungGen      total 201216K, used 199136K [0x00000000ead80000, 0x00000000f8a80000, 0x0000000100000000)
  eden space 196608K, 100% used [0x00000000ead80000,0x00000000f6d80000,0x00000000f6d80000)
  from space 4608K, 54% used [0x00000000f8600000,0x00000000f88780f0,0x00000000f8a80000)
  to   space 14848K, 0% used [0x00000000f6d80000,0x00000000f6d80000,0x00000000f7c00000)
 ParOldGen       total 63488K, used 36639K [0x00000000c0800000, 0x00000000c4600000, 0x00000000ead80000)
  object space 63488K, 57% used [0x00000000c0800000,0x00000000c2bc7c40,0x00000000c4600000)
 Metaspace       used 49615K, capacity 50290K, committed 50560K, reserved 1093632K
  class space    used 6285K, capacity 6418K, committed 6528K, reserved 1048576K
Event: 2516.507 GC heap after
Heap after GC invocations=17 (full 2):
 PSYoungGen      total 190976K, used 2544K [0x00000000ead80000, 0x00000000f8680000, 0x0000000100000000)
  eden space 188416K, 0% used [0x00000000ead80000,0x00000000ead80000,0x00000000f6580000)
  from space 2560K, 99% used [0x00000000f6d80000,0x00000000f6ffc0e0,0x00000000f7000000)
  to   space 14848K, 0% used [0x00000000f7800000,0x00000000f7800000,0x00000000f8680000)
 ParOldGen       total 63488K, used 36647K [0x00000000c0800000, 0x00000000c4600000, 0x00000000ead80000)
  object space 63488K, 57% used [0x00000000c0800000,0x00000000c2bc9c40,0x00000000c4600000)
 Metaspace       used 49615K, capacity 50290K, committed 50560K, reserved 1093632K
  class space    used 6285K, capacity 6418K, committed 6528K, reserved 1048576K
}
Event: 3144.347 GC heap before
{Heap before GC invocations=18 (full 2):
 PSYoungGen      total 190976K, used 190960K [0x00000000ead80000, 0x00000000f8680000, 0x0000000100000000)
  eden space 188416K, 100% used [0x00000000ead80000,0x00000000f6580000,0x00000000f6580000)
  from space 2560K, 99% used [0x00000000f6d80000,0x00000000f6ffc0e0,0x00000000f7000000)
  to   space 14848K, 0% used [0x00000000f7800000,0x00000000f7800000,0x00000000f8680000)
 ParOldGen       total 63488K, used 36647K [0x00000000c0800000, 0x00000000c4600000, 0x00000000ead80000)
  object space 63488K, 57% used [0x00000000c0800000,0x00000000c2bc9c40,0x00000000c4600000)
 Metaspace       used 49668K, capacity 50308K, committed 50560K, reserved 1093632K
  class space    used 6287K, capacity 6421K, committed 6528K, reserved 1048576K
Event: 3144.394 GC heap after
Heap after GC invocations=18 (full 2):
 PSYoungGen      total 183808K, used 2608K [0x00000000ead80000, 0x00000000f7b00000, 0x0000000100000000)
  eden space 180736K, 0% used [0x00000000ead80000,0x00000000ead80000,0x00000000f5e00000)
  from space 3072K, 84% used [0x00000000f7800000,0x00000000f7a8c0e0,0x00000000f7b00000)
  to   space 14848K, 0% used [0x00000000f5e00000,0x00000000f5e00000,0x00000000f6c80000)
 ParOldGen       total 63488K, used 36655K [0x00000000c0800000, 0x00000000c4600000, 0x00000000ead80000)
  object space 63488K, 57% used [0x00000000c0800000,0x00000000c2bcbc40,0x00000000c4600000)
 Metaspace       used 49668K, capacity 50308K, committed 50560K, reserved 1093632K
  class space    used 6287K, capacity 6421K, committed 6528K, reserved 1048576K
}

