# JRE version: Java(TM) SE Runtime Environment (8.0_51-b16) (build 1.8.0_51-b16)
# Java VM: Java HotSpot(TM) 64-Bit Server VM (25.51-b03 mixed mode windows-amd64 compressed oops)
Heap:
 PSYoungGen      total 278016K, used 244932K [0x00000000ead80000, 0x00000000fd480000, 0x0000000100000000)
  eden space 267776K, 91% used [0x00000000ead80000,0x00000000f9cb12a8,0x00000000fb300000)
  from space 10240K, 0% used [0x00000000fca80000,0x00000000fca80000,0x00000000fd480000)
  to   space 16384K, 0% used [0x00000000fb480000,0x00000000fb480000,0x00000000fc480000)
 ParOldGen       total 64512K, used 45622K [0x00000000c0800000, 0x00000000c4700000, 0x00000000ead80000)
  object space 64512K, 70% used [0x00000000c0800000,0x00000000c348dbc8,0x00000000c4700000)
 Metaspace       used 61409K, capacity 63220K, committed 63360K, reserved 1105920K
  class space    used 7012K, capacity 7537K, committed 7552K, reserved 1048576K
GC Heap History (10 events):
Event: 3119.229 GC heap before
{Heap before GC invocations=37 (full 10):
 PSYoungGen      total 279552K, used 272384K [0x00000000ead80000, 0x00000000fdf00000, 0x0000000100000000)
  eden space 272384K, 100% used [0x00000000ead80000,0x00000000fb780000,0x00000000fb780000)
  from space 7168K, 0% used [0x00000000fd800000,0x00000000fd800000,0x00000000fdf00000)
  to   space 15872K, 0% used [0x00000000fc000000,0x00000000fc000000,0x00000000fcf80000)
 ParOldGen       total 64512K, used 37465K [0x00000000c0800000, 0x00000000c4700000, 0x00000000ead80000)
  object space 64512K, 58% used [0x00000000c0800000,0x00000000c2c965e0,0x00000000c4700000)
 Metaspace       used 59944K, capacity 61580K, committed 61952K, reserved 1103872K
  class space    used 6892K, capacity 7345K, committed 7424K, reserved 1048576K
Event: 3119.264 GC heap after
Heap after GC invocations=37 (full 10):
 PSYoungGen      total 296960K, used 10809K [0x00000000ead80000, 0x00000000fdf80000, 0x0000000100000000)
  eden space 281088K, 0% used [0x00000000ead80000,0x00000000ead80000,0x00000000fc000000)
  from space 15872K, 68% used [0x00000000fc000000,0x00000000fca8e590,0x00000000fcf80000)
  to   space 15872K, 0% used [0x00000000fd000000,0x00000000fd000000,0x00000000fdf80000)
 ParOldGen       total 64512K, used 37465K [0x00000000c0800000, 0x00000000c4700000, 0x00000000ead80000)
  object space 64512K, 58% used [0x00000000c0800000,0x00000000c2c965e0,0x00000000c4700000)
 Metaspace       used 59944K, capacity 61580K, committed 61952K, reserved 1103872K
  class space    used 6892K, capacity 7345K, committed 7424K, reserved 1048576K
}
Event: 3197.788 GC heap before
{Heap before GC invocations=38 (full 10):
 PSYoungGen      total 296960K, used 291897K [0x00000000ead80000, 0x00000000fdf80000, 0x0000000100000000)
  eden space 281088K, 100% used [0x00000000ead80000,0x00000000fc000000,0x00000000fc000000)
  from space 15872K, 68% used [0x00000000fc000000,0x00000000fca8e590,0x00000000fcf80000)
  to   space 15872K, 0% used [0x00000000fd000000,0x00000000fd000000,0x00000000fdf80000)
 ParOldGen       total 64512K, used 37465K [0x00000000c0800000, 0x00000000c4700000, 0x00000000ead80000)
  object space 64512K, 58% used [0x00000000c0800000,0x00000000c2c965e0,0x00000000c4700000)
 Metaspace       used 60729K, capacity 62470K, committed 62848K, reserved 1103872K
  class space    used 6949K, capacity 7440K, committed 7552K, reserved 1048576K
Event: 3197.820 GC heap after
Heap after GC invocations=38 (full 10):
 PSYoungGen      total 295936K, used 15240K [0x00000000ead80000, 0x00000000fe980000, 0x0000000100000000)
  eden space 280064K, 0% used [0x00000000ead80000,0x00000000ead80000,0x00000000fbf00000)
  from space 15872K, 96% used [0x00000000fd000000,0x00000000fdee2188,0x00000000fdf80000)
  to   space 17408K, 0% used [0x00000000fbf00000,0x00000000fbf00000,0x00000000fd000000)
 ParOldGen       total 64512K, used 37473K [0x00000000c0800000, 0x00000000c4700000, 0x00000000ead80000)
  object space 64512K, 58% used [0x00000000c0800000,0x00000000c2c985e0,0x00000000c4700000)
 Metaspace       used 60729K, capacity 62470K, committed 62848K, reserved 1103872K
  class space    used 6949K, capacity 7440K, committed 7552K, reserved 1048576K
}
Event: 3466.254 GC heap before
{Heap before GC invocations=39 (full 10):
 PSYoungGen      total 295936K, used 295304K [0x00000000ead80000, 0x00000000fe980000, 0x0000000100000000)
  eden space 280064K, 100% used [0x00000000ead80000,0x00000000fbf00000,0x00000000fbf00000)
  from space 15872K, 96% used [0x00000000fd000000,0x00000000fdee2188,0x00000000fdf80000)
  to   space 17408K, 0% used [0x00000000fbf00000,0x00000000fbf00000,0x00000000fd000000)
 ParOldGen       total 64512K, used 37473K [0x00000000c0800000, 0x00000000c4700000, 0x00000000ead80000)
  object space 64512K, 58% used [0x00000000c0800000,0x00000000c2c985e0,0x00000000c4700000)
 Metaspace       used 60793K, capacity 62636K, committed 62848K, reserved 1103872K
  class space    used 6958K, capacity 7457K, committed 7552K, reserved 1048576K
Event: 3466.277 GC heap after
Heap after GC invocations=39 (full 10):
 PSYoungGen      total 279552K, used 11472K [0x00000000ead80000, 0x00000000fd500000, 0x0000000100000000)
  eden space 267776K, 0% used [0x00000000ead80000,0x00000000ead80000,0x00000000fb300000)
  from space 11776K, 97% used [0x00000000fbf00000,0x00000000fca340b0,0x00000000fca80000)
  to   space 10752K, 0% used [0x00000000fca80000,0x00000000fca80000,0x00000000fd500000)
 ParOldGen       total 64512K, used 37481K [0x00000000c0800000, 0x00000000c4700000, 0x00000000ead80000)
  object space 64512K, 58% used [0x00000000c0800000,0x00000000c2c9a5e0,0x00000000c4700000)
 Metaspace       used 60793K, capacity 62636K, committed 62848K, reserved 1103872K
  class space    used 6958K, capacity 7457K, committed 7552K, reserved 1048576K
}
Event: 3472.536 GC heap before
{Heap before GC invocations=40 (full 10):
 PSYoungGen      total 279552K, used 23514K [0x00000000ead80000, 0x00000000fd500000, 0x0000000100000000)
  eden space 267776K, 4% used [0x00000000ead80000,0x00000000eb942870,0x00000000fb300000)
  from space 11776K, 97% used [0x00000000fbf00000,0x00000000fca340b0,0x00000000fca80000)
  to   space 10752K, 0% used [0x00000000fca80000,0x00000000fca80000,0x00000000fd500000)
 ParOldGen       total 64512K, used 37481K [0x00000000c0800000, 0x00000000c4700000, 0x00000000ead80000)
  object space 64512K, 58% used [0x00000000c0800000,0x00000000c2c9a5e0,0x00000000c4700000)
 Metaspace       used 60820K, capacity 62642K, committed 62848K, reserved 1103872K
  class space    used 6962K, capacity 7459K, committed 7552K, reserved 1048576K
Event: 3472.555 GC heap after
Heap after GC invocations=40 (full 10):
 PSYoungGen      total 278016K, used 9760K [0x00000000ead80000, 0x00000000fd480000, 0x0000000100000000)
  eden space 267776K, 0% used [0x00000000ead80000,0x00000000ead80000,0x00000000fb300000)
  from space 10240K, 95% used [0x00000000fca80000,0x00000000fd408020,0x00000000fd480000)
  to   space 16384K, 0% used [0x00000000fb480000,0x00000000fb480000,0x00000000fc480000)
 ParOldGen       total 64512K, used 37481K [0x00000000c0800000, 0x00000000c4700000, 0x00000000ead80000)
  object space 64512K, 58% used [0x00000000c0800000,0x00000000c2c9a5e0,0x00000000c4700000)
 Metaspace       used 60820K, capacity 62642K, committed 62848K, reserved 1103872K
  class space    used 6962K, capacity 7459K, committed 7552K, reserved 1048576K
}
Event: 3472.555 GC heap before
{Heap before GC invocations=41 (full 11):
 PSYoungGen      total 278016K, used 9760K [0x00000000ead80000, 0x00000000fd480000, 0x0000000100000000)
  eden space 267776K, 0% used [0x00000000ead80000,0x00000000ead80000,0x00000000fb300000)
  from space 10240K, 95% used [0x00000000fca80000,0x00000000fd408020,0x00000000fd480000)
  to   space 16384K, 0% used [0x00000000fb480000,0x00000000fb480000,0x00000000fc480000)
 ParOldGen       total 64512K, used 37481K [0x00000000c0800000, 0x00000000c4700000, 0x00000000ead80000)
  object space 64512K, 58% used [0x00000000c0800000,0x00000000c2c9a5e0,0x00000000c4700000)
 Metaspace       used 60820K, capacity 62642K, committed 62848K, reserved 1103872K
  class space    used 6962K, capacity 7459K, committed 7552K, reserved 1048576K
Event: 3472.991 GC heap after
Heap after GC invocations=41 (full 11):
 PSYoungGen      total 278016K, used 0K [0x00000000ead80000, 0x00000000fd480000, 0x0000000100000000)
  eden space 267776K, 0% used [0x00000000ead80000,0x00000000ead80000,0x00000000fb300000)
  from space 10240K, 0% used [0x00000000fca80000,0x00000000fca80000,0x00000000fd480000)
  to   space 16384K, 0% used [0x00000000fb480000,0x00000000fb480000,0x00000000fc480000)
 ParOldGen       total 64512K, used 45622K [0x00000000c0800000, 0x00000000c4700000, 0x00000000ead80000)
  object space 64512K, 70% used [0x00000000c0800000,0x00000000c348dbc8,0x00000000c4700000)
 Metaspace       used 60785K, capacity 62582K, committed 62848K, reserved 1103872K
  class space    used 6957K, capacity 7448K, committed 7552K, reserved 1048576K
}

